<?xml version="1.0" encoding="UTF-8"?>
<!-- Generated by org.testng.reporters.JUnitReportReporter -->
<testsuite hostname="DESKTOP-N1PI1KR" name="tests.LoginTestWithExcel" tests="2" failures="0" timestamp="23 Dec 2018 21:46:57 GMT" time="24.320" errors="0">
  <testcase name="loginWithIncorrectEmail" time="10.783" classname="tests.LoginTestWithExcel"/>
  <testcase name="loginWithIncorrectPassword" time="13.537" classname="tests.LoginTestWithExcel"/>
</testsuite> <!-- tests.LoginTestWithExcel -->
